
> arsist-engine@1.0.0 build:unity:test
> node scripts/run-unity-build.js

[Arsist] Running headless Unity build via UnityBuilder...
[progress] prepare 0% 繝薙Ν繝画ｺ門ｙ荳ｭ...
[Arsist] License file validated: C:\Users\s-rin\Downloads\Unity_v6000.x.ulf
[Unity] Importing manual license: "C:\Program Files\Unity\Hub\Editor\6000.0.40f1\Editor\Unity.exe" -batchmode -nographics -quit -manualLicenseFile C:\Users\s-rin\Downloads\Unity_v6000.x.ulf -logFile E:\files\ARs\0301u\unity_license_import.log
[Arsist] Manual license imported successfully. Continuing to build...
[progress] prepare-unity 5% Unity繝励Ο繧ｸ繧ｧ繧ｯ繝医ｒ貅門ｙ荳ｭ...
[Arsist] Added TextMeshPro package to Unity manifest
[progress] prepare-jint 8% Jint繧ｹ繧ｯ繝ｪ繝励ヨ繧ｨ繝ｳ繧ｸ繝ｳ繧呈ｺ門ｙ荳ｭ...
[Arsist] Jint/Acornima DLLs already present, skipping
[progress] transfer 10% 繝励Ο繧ｸ繧ｧ繧ｯ繝医ョ繝ｼ繧ｿ繧定ｻ｢騾∽ｸｭ...
[Arsist] scripts.json exported
[Arsist] Project Assets copied into Unity (Assets/ArsistProjectAssets)
[Arsist] Project data transferred to Unity
[progress] patch 30% SDK繝代ャ繝√ｒ驕ｩ逕ｨ荳ｭ...
[Arsist] Applied AndroidManifest patch
[Arsist] Applied editor scripts patch
[Arsist] Device patch applied for Meta_Quest
[progress] sdk 40% 蠢・・DK繧堤｢ｺ隱・邨・∩霎ｼ縺ｿ荳ｭ...
[Arsist] Quest XR bootstrap assets/settings applied (Assets/XR + ProjectSettings XR files)
[Arsist] Embedded Quest SDK packages: com.meta.xr.sdk.core -> com.meta.xr.sdk.core-85.0.0.tgz, com.meta.xr.mrutilitykit -> com.meta.xr.mrutilitykit-85.0.0.tgz (manifest.json updated)
[Arsist] Quest dependencies ensured (physics2d=1.0.0)
[progress] sdk-vrm 45% UniVRM繧呈ｺ門ｙ荳ｭ...
[Arsist] UniVRM pre-import completed: E:\GITS\Arsist\sdk\UniVRM-0.131.0_3b99.unitypackage
[progress] build 50% Unity繝薙Ν繝峨ｒ螳溯｡御ｸｭ...
[Unity] Starting build: "C:\Program Files\Unity\Hub\Editor\6000.0.40f1\Editor\Unity.exe" -batchmode -nographics -quit -projectPath E:\files\ARs\0301u\TempUnityProject -executeMethod Arsist.Builder.ArsistBuildPipeline.BuildFromCLI -buildTarget Android -outputPath E:\files\ARs\0301u -targetDevice Meta_Quest -developmentBuild false -logFile E:\files\ARs\0301u\unity_build.log
[progress] verify 90% 繝薙Ν繝臥ｵ先棡繧堤｢ｺ隱堺ｸｭ...
[progress] complete 100% 繝薙Ν繝牙ｮ御ｺ・ｼ・[Arsist] Build result: { success: true, outputPath: 'E:\\files\\ARs\\0301u\\MyARApp.apk' }
